2023-08-28 16:43:06.398 | INFO     | __main__:main:52 - Scanning /shortcuts/system_logs/**/*.log for files older than 1:00:00...
2023-08-28 16:43:06.536 | INFO     | __main__:main:59 - Root folders: ['/shortcuts/system_logs/ardupilot-manager', '/shortcuts/system_logs/bag-of-holding', '/shortcuts/system_logs/bridget', '/shortcuts/system_logs/commander', '/shortcuts/system_logs/kraken', '/shortcuts/system_logs/log-zipper', '/shortcuts/system_logs/nmea-injector', '/shortcuts/system_logs/pardal']
2023-08-28 16:43:06.543 | DEBUG    | __main__:zip_files:23 - Zipping /shortcuts/system_logs/ardupilot-manager/logfile_08-28-2023_15:37:51.2023-08-28_15-38-16_998930.log...
2023-08-28 16:43:09.167 | DEBUG    | __main__:zip_files:29 - Deleted file: /shortcuts/system_logs/ardupilot-manager/logfile_08-28-2023_15:37:51.2023-08-28_15-38-16_998930.log
2023-08-28 16:43:09.174 | INFO     | __main__:main:69 - Created zip archive /shortcuts/system_logs/ardupilot-manager/ardupilot-manager-20230828-164306.zip with 1 files.
2023-08-28 16:43:09.176 | DEBUG    | __main__:zip_files:23 - Zipping /shortcuts/system_logs/bag-of-holding/logfile_08-28-2023_15:37:58.log...
2023-08-28 16:43:10.512 | DEBUG    | __main__:zip_files:29 - Deleted file: /shortcuts/system_logs/bag-of-holding/logfile_08-28-2023_15:37:58.log
2023-08-28 16:43:10.514 | INFO     | __main__:main:69 - Created zip archive /shortcuts/system_logs/bag-of-holding/bag-of-holding-20230828-164309.zip with 1 files.
2023-08-28 16:43:10.516 | DEBUG    | __main__:zip_files:23 - Zipping /shortcuts/system_logs/bridget/logfile_08-28-2023_15:38:00.log...
2023-08-28 16:43:11.749 | DEBUG    | __main__:zip_files:29 - Deleted file: /shortcuts/system_logs/bridget/logfile_08-28-2023_15:38:00.log
2023-08-28 16:43:11.752 | INFO     | __main__:main:69 - Created zip archive /shortcuts/system_logs/bridget/bridget-20230828-164310.zip with 1 files.
2023-08-28 16:43:11.754 | DEBUG    | __main__:zip_files:23 - Zipping /shortcuts/system_logs/commander/logfile_08-28-2023_15:37:58.log...
2023-08-28 16:43:13.055 | DEBUG    | __main__:zip_files:29 - Deleted file: /shortcuts/system_logs/commander/logfile_08-28-2023_15:37:58.log
2023-08-28 16:43:13.057 | INFO     | __main__:main:69 - Created zip archive /shortcuts/system_logs/commander/commander-20230828-164311.zip with 1 files.
2023-08-28 16:43:13.058 | DEBUG    | __main__:zip_files:23 - Zipping /shortcuts/system_logs/kraken/logfile_08-28-2023_15:38:01.log...
2023-08-28 16:43:15.325 | DEBUG    | __main__:zip_files:29 - Deleted file: /shortcuts/system_logs/kraken/logfile_08-28-2023_15:38:01.log
2023-08-28 16:43:15.327 | INFO     | __main__:main:69 - Created zip archive /shortcuts/system_logs/kraken/kraken-20230828-164313.zip with 1 files.
2023-08-28 16:43:15.329 | DEBUG    | __main__:zip_files:23 - Zipping /shortcuts/system_logs/log-zipper/logfile_08-28-2023_15:37:57.log...
2023-08-28 16:43:16.432 | DEBUG    | __main__:zip_files:29 - Deleted file: /shortcuts/system_logs/log-zipper/logfile_08-28-2023_15:37:57.log
2023-08-28 16:43:16.434 | INFO     | __main__:main:69 - Created zip archive /shortcuts/system_logs/log-zipper/log-zipper-20230828-164315.zip with 1 files.
2023-08-28 16:43:16.435 | DEBUG    | __main__:zip_files:23 - Zipping /shortcuts/system_logs/nmea-injector/logfile_08-28-2023_15:38:01.log...
2023-08-28 16:43:17.641 | DEBUG    | __main__:zip_files:29 - Deleted file: /shortcuts/system_logs/nmea-injector/logfile_08-28-2023_15:38:01.log
2023-08-28 16:43:17.643 | INFO     | __main__:main:69 - Created zip archive /shortcuts/system_logs/nmea-injector/nmea-injector-20230828-164316.zip with 1 files.
2023-08-28 16:43:17.644 | DEBUG    | __main__:zip_files:23 - Zipping /shortcuts/system_logs/pardal/logfile_08-28-2023_15:37:58.log...
2023-08-28 16:43:18.890 | DEBUG    | __main__:zip_files:29 - Deleted file: /shortcuts/system_logs/pardal/logfile_08-28-2023_15:37:58.log
2023-08-28 16:43:18.892 | INFO     | __main__:main:69 - Created zip archive /shortcuts/system_logs/pardal/pardal-20230828-164317.zip with 1 files.
2023-08-28 16:43:18.893 | INFO     | __main__:main:77 - Sleeping for 1:00:10...
