2023-08-28 17:06:26.625 | INFO     | __main__:main:52 - Scanning /shortcuts/system_logs/**/*.log for files older than 1:00:00...
2023-08-28 17:06:26.738 | INFO     | __main__:main:59 - Root folders: ['/shortcuts/system_logs/beacon', '/shortcuts/system_logs/cable-guy', '/shortcuts/system_logs/helper', '/shortcuts/system_logs/mavlink-camera-manager', '/shortcuts/system_logs/ping', '/shortcuts/system_logs/version-chooser', '/shortcuts/system_logs/wifi-manager']
2023-08-28 17:06:26.748 | DEBUG    | __main__:zip_files:23 - Zipping /shortcuts/system_logs/beacon/logfile_08-28-2023_15:38:01.2023-08-28_15-47-57_554418.log...
2023-08-28 17:06:26.815 | DEBUG    | __main__:zip_files:23 - Zipping /shortcuts/system_logs/beacon/logfile_08-28-2023_15:38:01.2023-08-28_15-48-07_559757.log...
2023-08-28 17:06:30.747 | DEBUG    | __main__:zip_files:29 - Deleted file: /shortcuts/system_logs/beacon/logfile_08-28-2023_15:38:01.2023-08-28_15-47-57_554418.log
2023-08-28 17:06:32.103 | DEBUG    | __main__:zip_files:29 - Deleted file: /shortcuts/system_logs/beacon/logfile_08-28-2023_15:38:01.2023-08-28_15-48-07_559757.log
2023-08-28 17:06:32.105 | INFO     | __main__:main:69 - Created zip archive /shortcuts/system_logs/beacon/beacon-20230828-170626.zip with 2 files.
2023-08-28 17:06:32.107 | DEBUG    | __main__:zip_files:23 - Zipping /shortcuts/system_logs/cable-guy/logfile_08-28-2023_15:37:50.2023-08-28_15-47-53_301322.log...
2023-08-28 17:06:32.112 | DEBUG    | __main__:zip_files:23 - Zipping /shortcuts/system_logs/cable-guy/logfile_08-28-2023_15:37:50.2023-08-28_15-47-47_394350.log...
2023-08-28 17:06:34.169 | DEBUG    | __main__:zip_files:29 - Deleted file: /shortcuts/system_logs/cable-guy/logfile_08-28-2023_15:37:50.2023-08-28_15-47-53_301322.log
2023-08-28 17:06:35.706 | DEBUG    | __main__:zip_files:29 - Deleted file: /shortcuts/system_logs/cable-guy/logfile_08-28-2023_15:37:50.2023-08-28_15-47-47_394350.log
2023-08-28 17:06:35.708 | INFO     | __main__:main:69 - Created zip archive /shortcuts/system_logs/cable-guy/cable-guy-20230828-170632.zip with 2 files.
2023-08-28 17:06:35.710 | DEBUG    | __main__:zip_files:23 - Zipping /shortcuts/system_logs/helper/logfile_08-28-2023_15:38:02.2023-08-28_15-47-49_694368.log...
2023-08-28 17:06:35.717 | DEBUG    | __main__:zip_files:23 - Zipping /shortcuts/system_logs/helper/logfile_08-28-2023_15:38:02.2023-08-28_15-48-09_923706.log...
2023-08-28 17:06:37.041 | DEBUG    | __main__:zip_files:29 - Deleted file: /shortcuts/system_logs/helper/logfile_08-28-2023_15:38:02.2023-08-28_15-47-49_694368.log
2023-08-28 17:06:38.274 | DEBUG    | __main__:zip_files:29 - Deleted file: /shortcuts/system_logs/helper/logfile_08-28-2023_15:38:02.2023-08-28_15-48-09_923706.log
2023-08-28 17:06:38.276 | INFO     | __main__:main:69 - Created zip archive /shortcuts/system_logs/helper/helper-20230828-170635.zip with 2 files.
2023-08-28 17:06:38.344 | DEBUG    | __main__:zip_files:23 - Zipping /shortcuts/system_logs/mavlink-camera-manager/mavlink-camera-manager.2023-08-28-15.log...
2023-08-28 17:06:41.165 | DEBUG    | __main__:zip_files:29 - Deleted file: /shortcuts/system_logs/mavlink-camera-manager/mavlink-camera-manager.2023-08-28-15.log
2023-08-28 17:06:41.167 | INFO     | __main__:main:69 - Created zip archive /shortcuts/system_logs/mavlink-camera-manager/mavlink-camera-manager-20230828-170638.zip with 1 files.
2023-08-28 17:06:41.168 | DEBUG    | __main__:zip_files:23 - Zipping /shortcuts/system_logs/ping/logfile_08-28-2023_15:38:01.2023-08-28_15-48-01_234435.log...
2023-08-28 17:06:41.178 | DEBUG    | __main__:zip_files:23 - Zipping /shortcuts/system_logs/ping/logfile_08-28-2023_15:38:01.2023-08-28_15-48-02_439822.log...
2023-08-28 17:06:42.364 | DEBUG    | __main__:zip_files:29 - Deleted file: /shortcuts/system_logs/ping/logfile_08-28-2023_15:38:01.2023-08-28_15-48-01_234435.log
2023-08-28 17:06:43.552 | DEBUG    | __main__:zip_files:29 - Deleted file: /shortcuts/system_logs/ping/logfile_08-28-2023_15:38:01.2023-08-28_15-48-02_439822.log
2023-08-28 17:06:43.554 | INFO     | __main__:main:69 - Created zip archive /shortcuts/system_logs/ping/ping-20230828-170641.zip with 2 files.
2023-08-28 17:06:43.556 | DEBUG    | __main__:zip_files:23 - Zipping /shortcuts/system_logs/version-chooser/logfile_08-28-2023_15:38:05.2023-08-28_15-48-05_944382.log...
2023-08-28 17:06:43.806 | DEBUG    | __main__:zip_files:23 - Zipping /shortcuts/system_logs/version-chooser/logfile_08-28-2023_15:38:05.2023-08-28_15-48-04_904448.log...
2023-08-28 17:06:43.833 | DEBUG    | __main__:zip_files:23 - Zipping /shortcuts/system_logs/version-chooser/logfile_08-28-2023_15:38:04.2023-08-28_15-48-03_854445.log...
2023-08-28 17:06:43.856 | DEBUG    | __main__:zip_files:23 - Zipping /shortcuts/system_logs/version-chooser/logfile_08-28-2023_15:38:04.2023-08-28_15-48-04_894960.log...
2023-08-28 17:06:45.133 | DEBUG    | __main__:zip_files:29 - Deleted file: /shortcuts/system_logs/version-chooser/logfile_08-28-2023_15:38:05.2023-08-28_15-48-05_944382.log
2023-08-28 17:06:46.359 | DEBUG    | __main__:zip_files:29 - Deleted file: /shortcuts/system_logs/version-chooser/logfile_08-28-2023_15:38:05.2023-08-28_15-48-04_904448.log
2023-08-28 17:06:47.593 | DEBUG    | __main__:zip_files:29 - Deleted file: /shortcuts/system_logs/version-chooser/logfile_08-28-2023_15:38:04.2023-08-28_15-48-03_854445.log
2023-08-28 17:06:48.780 | DEBUG    | __main__:zip_files:29 - Deleted file: /shortcuts/system_logs/version-chooser/logfile_08-28-2023_15:38:04.2023-08-28_15-48-04_894960.log
2023-08-28 17:06:48.782 | INFO     | __main__:main:69 - Created zip archive /shortcuts/system_logs/version-chooser/version-chooser-20230828-170643.zip with 4 files.
2023-08-28 17:06:48.784 | DEBUG    | __main__:zip_files:23 - Zipping /shortcuts/system_logs/wifi-manager/logfile_08-28-2023_15:38:00.2023-08-28_15-47-57_294416.log...
2023-08-28 17:06:48.807 | DEBUG    | __main__:zip_files:23 - Zipping /shortcuts/system_logs/wifi-manager/logfile_08-28-2023_15:38:00.2023-08-28_15-48-01_287732.log...
2023-08-28 17:06:50.086 | DEBUG    | __main__:zip_files:29 - Deleted file: /shortcuts/system_logs/wifi-manager/logfile_08-28-2023_15:38:00.2023-08-28_15-47-57_294416.log
2023-08-28 17:06:51.263 | DEBUG    | __main__:zip_files:29 - Deleted file: /shortcuts/system_logs/wifi-manager/logfile_08-28-2023_15:38:00.2023-08-28_15-48-01_287732.log
2023-08-28 17:06:51.265 | INFO     | __main__:main:69 - Created zip archive /shortcuts/system_logs/wifi-manager/wifi-manager-20230828-170648.zip with 2 files.
2023-08-28 17:06:51.266 | INFO     | __main__:main:77 - Sleeping for 1:00:10...
